[INFO ] 2025-01-31 21:29:09.779 [main] Validation_DemoPOM - Select Project Type
[INFO ] 2025-01-31 21:55:09.367 [main] Validation_DemoPOM - Select Project Type
[INFO ] 2025-01-31 21:56:38.687 [main] Validation_DemoPOM - Select Project Type
[INFO ] 2025-01-31 21:56:38.687 [main] Validation_DemoPOM - Select Project Type
[INFO ] 2025-01-31 22:03:22.092 [main] Validation_DemoPOM - Select Project Type
[INFO ] 2025-01-31 22:03:22.092 [main] Validation_DemoPOM - Select Project Type
[INFO ] 2025-01-31 22:03:23.959 [main] Validation_DemoPOM - Select Project Type
[INFO ] 2025-01-31 22:03:23.959 [main] Validation_DemoPOM - Select Project Type
[INFO ] 2025-01-31 22:03:24.090 [main] Validation_DemoPOM - Select Project Type
[INFO ] 2025-01-31 22:03:24.090 [main] Validation_DemoPOM - Select Project Type
[INFO ] 2025-01-31 22:03:24.210 [main] Validation_DemoPOM - Select Project Type
[INFO ] 2025-01-31 22:03:24.210 [main] Validation_DemoPOM - Select Project Type
[INFO ] 2025-01-31 22:03:36.335 [main] Validation_DemoPOM - Select Project Type
[INFO ] 2025-01-31 22:03:36.335 [main] Validation_DemoPOM - Select Project Type
[INFO ] 2025-01-31 22:03:48.374 [main] Validation_DemoPOM - Select Project Type
[INFO ] 2025-01-31 22:03:48.374 [main] Validation_DemoPOM - Select Project Type
[INFO ] 2025-01-31 22:03:50.483 [main] Validation_DemoPOM - Select Project Type
[INFO ] 2025-01-31 22:03:50.483 [main] Validation_DemoPOM - Select Project Type
[INFO ] 2025-01-31 22:03:53.588 [main] Validation_DemoPOM - Select Project Type
[INFO ] 2025-01-31 22:03:53.588 [main] Validation_DemoPOM - Select Project Type
[INFO ] 2025-01-31 22:04:06.495 [main] Validation_DemoPOM - Select Project Type
[INFO ] 2025-01-31 22:04:06.495 [main] Validation_DemoPOM - Select Project Type
[INFO ] 2025-01-31 22:04:08.587 [main] Validation_DemoPOM - Select Project Type
[INFO ] 2025-01-31 22:04:08.587 [main] Validation_DemoPOM - Select Project Type
[INFO ] 2025-01-31 22:04:08.676 [main] Validation_DemoPOM - Select Project Type
[INFO ] 2025-01-31 22:04:08.676 [main] Validation_DemoPOM - Select Project Type
[INFO ] 2025-01-31 22:04:11.755 [main] Validation_DemoPOM - Select Project Type
[INFO ] 2025-01-31 22:04:11.755 [main] Validation_DemoPOM - Select Project Type
[INFO ] 2025-01-31 22:04:16.854 [main] Validation_DemoPOM - Select Project Type
[INFO ] 2025-01-31 22:04:16.854 [main] Validation_DemoPOM - Select Project Type
[INFO ] 2025-01-31 22:04:17.004 [main] Validation_DemoPOM - Select Project Type
[INFO ] 2025-01-31 22:04:17.004 [main] Validation_DemoPOM - Select Project Type
[INFO ] 2025-02-01 13:24:11.611 [main] IT-Policy-automation - Select Project Type
[INFO ] 2025-02-01 13:24:11.611 [main] IT-Policy-automation - Select Project Type
[INFO ] 2025-02-01 13:24:29.072 [main] IT-Policy-automation - Click on Next
[INFO ] 2025-02-01 13:24:29.072 [main] IT-Policy-automation - Click on Next
[INFO ] 2025-02-01 13:24:29.141 [main] IT-Policy-automation - select - yes
[INFO ] 2025-02-01 13:24:29.141 [main] IT-Policy-automation - select - yes
[INFO ] 2025-02-01 13:24:29.205 [main] IT-Policy-automation - PAN Entered
[INFO ] 2025-02-01 13:24:29.205 [main] IT-Policy-automation - PAN Entered
[INFO ] 2025-02-01 13:24:39.642 [main] IT-Policy-automation - Incorporation date entered
[INFO ] 2025-02-01 13:24:39.642 [main] IT-Policy-automation - Incorporation date entered
[INFO ] 2025-02-01 13:24:50.016 [main] IT-Policy-automation - Settingup date entered
[INFO ] 2025-02-01 13:24:50.016 [main] IT-Policy-automation - Settingup date entered
[INFO ] 2025-02-01 13:24:52.082 [main] IT-Policy-automation - Select Deeptech - Yes
[INFO ] 2025-02-01 13:24:52.082 [main] IT-Policy-automation - Select Deeptech - Yes
[INFO ] 2025-02-01 13:24:55.144 [main] IT-Policy-automation - Operation started - Yes
[INFO ] 2025-02-01 13:24:55.144 [main] IT-Policy-automation - Operation started - Yes
[INFO ] 2025-02-01 13:25:06.244 [main] IT-Policy-automation - Commercial date entered
[INFO ] 2025-02-01 13:25:06.244 [main] IT-Policy-automation - Commercial date entered
[INFO ] 2025-02-01 13:25:08.299 [main] IT-Policy-automation - Entered EMP count
[INFO ] 2025-02-01 13:25:08.299 [main] IT-Policy-automation - Entered EMP count
[INFO ] 2025-02-01 13:25:08.337 [main] IT-Policy-automation - Select Expansion Year
[INFO ] 2025-02-01 13:25:08.337 [main] IT-Policy-automation - Select Expansion Year
[INFO ] 2025-02-01 13:25:11.399 [main] IT-Policy-automation - Select Expansion Month
[INFO ] 2025-02-01 13:25:11.399 [main] IT-Policy-automation - Select Expansion Month
[INFO ] 2025-02-01 13:25:16.457 [main] IT-Policy-automation - Entered Laptop Count
[INFO ] 2025-02-01 13:25:16.457 [main] IT-Policy-automation - Entered Laptop Count
[INFO ] 2025-02-01 13:25:16.543 [main] IT-Policy-automation - Click on Eligibility
[INFO ] 2025-02-01 13:25:16.543 [main] IT-Policy-automation - Click on Eligibility
[INFO ] 2025-02-02 16:29:51.463 [main] Validation_DemoPOM - Select Project Type
[INFO ] 2025-02-02 16:29:52.027 [main] Validation_DemoPOM - Click on Next
[INFO ] 2025-02-02 16:29:52.764 [main] Validation_DemoPOM - select - yes
[INFO ] 2025-02-02 16:29:52.899 [main] Validation_DemoPOM - PAN Entered
[INFO ] 2025-02-02 16:30:05.405 [main] Validation_DemoPOM - Incorporation date entered
[INFO ] 2025-02-02 16:30:17.371 [main] Validation_DemoPOM - Settingup date entered
[INFO ] 2025-02-02 16:30:19.487 [main] Validation_DemoPOM - Select Deeptech - Yes
[INFO ] 2025-02-02 16:30:22.588 [main] Validation_DemoPOM - Operation started - Yes
[INFO ] 2025-02-02 16:30:35.630 [main] Validation_DemoPOM - Commercial date entered
[INFO ] 2025-02-02 16:30:37.728 [main] Validation_DemoPOM - Entered EMP count
[INFO ] 2025-02-02 16:30:37.820 [main] Validation_DemoPOM - Select Expansion Year
[INFO ] 2025-02-02 16:30:40.899 [main] Validation_DemoPOM - Select Expansion Month
[INFO ] 2025-02-02 16:30:45.991 [main] Validation_DemoPOM - Entered Laptop Count
[INFO ] 2025-02-02 16:30:46.141 [main] Validation_DemoPOM - Click on Eligibility
[INFO ] 2025-02-02 19:56:16.785 [main] Validation_DemoPOM - Select Project Type
[INFO ] 2025-02-02 19:56:20.930 [main] Validation_DemoPOM - Click on Next
[INFO ] 2025-02-02 19:56:21.050 [main] Validation_DemoPOM - select - yes
[INFO ] 2025-02-02 19:56:21.166 [main] Validation_DemoPOM - PAN Entered
[INFO ] 2025-02-02 19:56:33.734 [main] Validation_DemoPOM - Incorporation date entered
[INFO ] 2025-02-02 19:56:46.139 [main] Validation_DemoPOM - Settingup date entered
[INFO ] 2025-02-02 19:56:48.243 [main] Validation_DemoPOM - Select Deeptech - Yes
[INFO ] 2025-02-02 19:56:51.335 [main] Validation_DemoPOM - Operation started - Yes
[INFO ] 2025-02-02 19:57:04.390 [main] Validation_DemoPOM - Commercial date entered
[INFO ] 2025-02-02 19:57:06.487 [main] Validation_DemoPOM - Entered EMP count
[INFO ] 2025-02-02 19:57:06.568 [main] Validation_DemoPOM - Select Expansion Year
[INFO ] 2025-02-02 19:57:09.652 [main] Validation_DemoPOM - Select Expansion Month
[INFO ] 2025-02-02 19:57:14.737 [main] Validation_DemoPOM - Entered Laptop Count
[INFO ] 2025-02-02 19:57:14.874 [main] Validation_DemoPOM - Click on Eligibility
[INFO ] 2025-02-03 13:18:06.010 [main] IT-Policy-automation - ----------Outside Expansion--------------
[INFO ] 2025-02-03 13:18:11.471 [main] IT-Policy-automation - Select Project Type
[INFO ] 2025-02-03 13:18:12.205 [main] IT-Policy-automation - Click on Next
[INFO ] 2025-02-03 13:18:12.271 [main] IT-Policy-automation - select - yes
[INFO ] 2025-02-03 13:18:12.340 [main] IT-Policy-automation - PAN Entered
[INFO ] 2025-02-03 13:18:23.522 [main] IT-Policy-automation - Incorporation date entered
[INFO ] 2025-02-03 13:18:33.685 [main] IT-Policy-automation - Settingup date entered
[INFO ] 2025-02-03 13:18:35.760 [main] IT-Policy-automation - Select Deeptech - Yes
[INFO ] 2025-02-03 13:18:38.832 [main] IT-Policy-automation - Operation started - Yes
[INFO ] 2025-02-03 13:18:50.231 [main] IT-Policy-automation - Commercial date entered
[INFO ] 2025-02-03 13:18:52.294 [main] IT-Policy-automation - Entered EMP count
[INFO ] 2025-02-03 13:18:52.350 [main] IT-Policy-automation - Select Expansion Year
[INFO ] 2025-02-03 13:18:55.403 [main] IT-Policy-automation - Select Expansion Month
[INFO ] 2025-02-03 13:19:00.447 [main] IT-Policy-automation - Entered Laptop Count
[INFO ] 2025-02-03 13:19:00.528 [main] IT-Policy-automation - Click on Eligibility
[INFO ] 2025-02-03 13:59:41.060 [main] IT-Policy-automation - ----------Outside Gujarat Before Policy Period Date Unit(Expansion) scenario 1-------------
[INFO ] 2025-02-03 13:59:45.384 [main] IT-Policy-automation - Select Project Type
[INFO ] 2025-02-03 13:59:46.164 [main] IT-Policy-automation - Click on Next
[INFO ] 2025-02-03 13:59:46.255 [main] IT-Policy-automation - select - yes
[INFO ] 2025-02-03 13:59:46.372 [main] IT-Policy-automation - PAN Entered
[INFO ] 2025-02-03 13:59:56.538 [main] IT-Policy-automation - Incorporation date entered
[INFO ] 2025-02-03 14:00:07.602 [main] IT-Policy-automation - Settingup date entered
[INFO ] 2025-02-03 14:00:09.679 [main] IT-Policy-automation - Select Deeptech - Yes
[INFO ] 2025-02-03 14:00:12.744 [main] IT-Policy-automation - Operation started - Yes
[INFO ] 2025-02-03 14:00:23.795 [main] IT-Policy-automation - Commercial date entered
[INFO ] 2025-02-03 14:00:25.852 [main] IT-Policy-automation - Entered EMP count
[INFO ] 2025-02-03 14:00:25.891 [main] IT-Policy-automation - Select Expansion Year
[INFO ] 2025-02-03 14:00:28.940 [main] IT-Policy-automation - Select Expansion Month
[INFO ] 2025-02-03 14:00:33.995 [main] IT-Policy-automation - Entered Laptop Count
[INFO ] 2025-02-03 14:00:34.068 [main] IT-Policy-automation - Click on Eligibility
[INFO ] 2025-02-03 14:00:58.138 [main] IT-Policy-automation - ----------Outside Gujarat Before Policy Period Date Unit(Expansion) scenario 2-------------
[INFO ] 2025-02-03 14:40:29.470 [main] IT-Policy-automation - ----------Outside Gujarat Date Before Policy Period  Unit Type(Expansion) scenario 1-------------
[INFO ] 2025-02-03 14:40:33.878 [main] IT-Policy-automation - Select Project Type
[INFO ] 2025-02-03 14:40:34.321 [main] IT-Policy-automation - Click on Next
[INFO ] 2025-02-03 14:40:34.493 [main] IT-Policy-automation - select - yes
[INFO ] 2025-02-03 14:40:34.556 [main] IT-Policy-automation - PAN Entered
[INFO ] 2025-02-03 14:40:44.759 [main] IT-Policy-automation - Incorporation date entered
[INFO ] 2025-02-03 14:40:54.826 [main] IT-Policy-automation - Settingup date entered
[INFO ] 2025-02-03 14:40:56.890 [main] IT-Policy-automation - Select Deeptech - Yes
[INFO ] 2025-02-03 14:40:59.951 [main] IT-Policy-automation - Operation started - Yes
[INFO ] 2025-02-03 14:41:10.948 [main] IT-Policy-automation - Commercial date entered
[INFO ] 2025-02-03 14:41:13.009 [main] IT-Policy-automation - Entered EMP count
[INFO ] 2025-02-03 14:41:13.048 [main] IT-Policy-automation - Select Expansion Year
[INFO ] 2025-02-03 14:41:16.115 [main] IT-Policy-automation - Select Expansion Month
[INFO ] 2025-02-03 14:41:21.165 [main] IT-Policy-automation - Entered Laptop Count
[INFO ] 2025-02-03 14:41:21.252 [main] IT-Policy-automation - Click on Eligibility
[INFO ] 2025-02-03 14:41:39.886 [main] IT-Policy-automation - Eligibility error message for Expansion Month-Year and Incorpotarion date between not completed 1 year
[INFO ] 2025-02-03 14:41:44.898 [main] IT-Policy-automation - ----------Outside Gujarat Before Policy Period Date Unit(Expansion) scenario 2-------------
[INFO ] 2025-02-03 14:43:00.296 [main] IT-Policy-automation - ----------Outside Gujarat Before Policy Period Date Unit(Expansion) scenario 3-------------
[INFO ] 2025-02-03 14:47:08.742 [main] IT-Policy-automation - ----------Outside Gujarat Date Before Policy Period  Unit Type(Expansion) scenario 1-------------
[INFO ] 2025-02-03 14:47:13.211 [main] IT-Policy-automation - Select Project Type
[INFO ] 2025-02-03 14:47:13.714 [main] IT-Policy-automation - Click on Next
[INFO ] 2025-02-03 14:47:13.880 [main] IT-Policy-automation - select - yes
[INFO ] 2025-02-03 14:47:13.937 [main] IT-Policy-automation - PAN Entered
[INFO ] 2025-02-03 14:47:24.156 [main] IT-Policy-automation - Incorporation date entered
[INFO ] 2025-02-03 14:47:34.234 [main] IT-Policy-automation - Settingup date entered
[INFO ] 2025-02-03 14:47:36.305 [main] IT-Policy-automation - Select Deeptech - Yes
[INFO ] 2025-02-03 14:47:39.367 [main] IT-Policy-automation - Operation started - Yes
[INFO ] 2025-02-03 14:47:50.516 [main] IT-Policy-automation - Commercial date entered
[INFO ] 2025-02-03 14:47:52.589 [main] IT-Policy-automation - Entered EMP count
[INFO ] 2025-02-03 14:47:52.624 [main] IT-Policy-automation - Select Expansion Year
[INFO ] 2025-02-03 14:47:55.668 [main] IT-Policy-automation - Select Expansion Month
[INFO ] 2025-02-03 14:48:00.723 [main] IT-Policy-automation - Entered Laptop Count
[INFO ] 2025-02-03 14:48:00.799 [main] IT-Policy-automation - Click on Eligibility
[INFO ] 2025-02-03 14:48:20.575 [main] IT-Policy-automation - Eligibility error message for Expansion Month-Year and Incorpotarion date between not completed 1 yearYou are not eligible for the policy as of now, as your Commercial operation started less than a year ago. You may try again later once your Commercial operation date is at least 12 months old from the date of Expansion
[INFO ] 2025-02-03 14:48:25.586 [main] IT-Policy-automation - ----------Outside Gujarat Before Policy Period Date Unit(Expansion) scenario 2-------------
[INFO ] 2025-02-03 16:03:28.928 [main] IT-Policy-automation - ----------Outside Gujarat Date Before Policy Period  Unit Type(Expansion) scenario 1-------------
[INFO ] 2025-02-03 16:03:35.731 [main] IT-Policy-automation - Select Project Type
[INFO ] 2025-02-03 16:03:36.567 [main] IT-Policy-automation - Click on Next
[INFO ] 2025-02-03 16:03:36.650 [main] IT-Policy-automation - select - yes
[INFO ] 2025-02-03 16:03:36.773 [main] IT-Policy-automation - PAN Entered
[INFO ] 2025-02-03 16:03:47.267 [main] IT-Policy-automation - Incorporation date entered
[INFO ] 2025-02-03 16:03:57.397 [main] IT-Policy-automation - Settingup date entered
[INFO ] 2025-02-03 16:03:59.450 [main] IT-Policy-automation - Select Deeptech - Yes
[INFO ] 2025-02-03 16:04:02.513 [main] IT-Policy-automation - Operation started - Yes
[INFO ] 2025-02-03 16:04:13.590 [main] IT-Policy-automation - Commercial date entered
[INFO ] 2025-02-03 16:04:15.644 [main] IT-Policy-automation - Entered EMP count
[INFO ] 2025-02-03 16:04:15.686 [main] IT-Policy-automation - Select Expansion Year
[INFO ] 2025-02-03 16:04:18.738 [main] IT-Policy-automation - Select Expansion Month
[INFO ] 2025-02-03 16:04:23.791 [main] IT-Policy-automation - Entered Laptop Count
[INFO ] 2025-02-03 16:04:23.864 [main] IT-Policy-automation - Click on Eligibility
[INFO ] 2025-02-03 16:04:42.478 [main] IT-Policy-automation - Eligibility Error message for Expansion Month-Year and Incorpotarion date between not completed 1 year: You are not eligible for the policy as of now, as your Commercial operation started less than a year ago. You may try again later once your Commercial operation date is at least 12 months old from the date of Expansion
[INFO ] 2025-02-03 16:52:40.129 [main] IT-Policy-automation - ----------Outside Gujarat Date Before Policy Period  Unit Type(Expansion) scenario 1-------------
[INFO ] 2025-02-03 16:52:45.035 [main] IT-Policy-automation - Selected Project Type
[INFO ] 2025-02-03 16:52:45.655 [main] IT-Policy-automation - Click on Next
[INFO ] 2025-02-03 16:52:45.752 [main] IT-Policy-automation - select - yes
[INFO ] 2025-02-03 16:52:45.861 [main] IT-Policy-automation - PAN Entered
[INFO ] 2025-02-03 16:52:56.213 [main] IT-Policy-automation - Incorporation date enter successfully
[INFO ] 2025-02-03 16:53:06.363 [main] IT-Policy-automation - Settingup date enter successfully
[INFO ] 2025-02-03 16:53:08.427 [main] IT-Policy-automation - Select Deeptech - Yes
[INFO ] 2025-02-03 16:53:11.498 [main] IT-Policy-automation - Commercial Operation Started - Yes
[INFO ] 2025-02-03 16:53:22.559 [main] IT-Policy-automation - Commercial date enter successfully
[INFO ] 2025-02-03 16:53:24.609 [main] IT-Policy-automation -  EMP Count Entered
[INFO ] 2025-02-03 16:53:24.648 [main] IT-Policy-automation - Selected Expansion Year
[INFO ] 2025-02-03 16:53:27.705 [main] IT-Policy-automation - Selected Expansion Month
[INFO ] 2025-02-03 16:53:32.766 [main] IT-Policy-automation - Laptop Count Entered 
[INFO ] 2025-02-03 16:53:32.857 [main] IT-Policy-automation - Click on Eligibility
[INFO ] 2025-02-03 16:53:37.899 [main] IT-Policy-automation - Unit Verification Successfully: IT/ITeS Expansion Unit
[INFO ] 2025-02-03 16:53:51.156 [main] IT-Policy-automation - Eligibility Error message for (Expansion Month-Year and Commercial date not completed 1 year): You are not eligible for the policy as of now, as your Commercial operation started less than a year ago. You may try again later once your Commercial operation date is at least 12 months old from the date of Expansion
[INFO ] 2025-02-03 16:53:54.179 [main] IT-Policy-automation - ----------Outside Gujarat Before Policy Period Date Unit(Expansion) scenario 2-------------
[INFO ] 2025-02-03 16:53:58.771 [main] IT-Policy-automation - Selected Project Type
[INFO ] 2025-02-03 16:53:59.345 [main] IT-Policy-automation - Click on Next
[INFO ] 2025-02-03 16:53:59.402 [main] IT-Policy-automation - select - yes
[INFO ] 2025-02-03 16:53:59.449 [main] IT-Policy-automation - PAN Entered
[INFO ] 2025-02-03 16:54:09.530 [main] IT-Policy-automation - Incorporation date enter successfully
[INFO ] 2025-02-03 16:54:50.817 [main] IT-Policy-automation - Unit Verification Successfully: IT/ITeS Expansion Unit
[INFO ] 2025-02-03 16:55:03.998 [main] IT-Policy-automation - Eligibility Error message for (Expansion Month-Year and Commercial date not completed 1 year): You are not eligible for the policy as of now, as your Commercial operation started less than a year ago. You may try again later once your Commercial operation date is at least 12 months old from the date of Expansion
[INFO ] 2025-02-03 16:55:07.009 [main] IT-Policy-automation - ----------Outside Gujarat Before Policy Period Date Unit(Expansion) scenario 3-------------
[INFO ] 2025-02-03 16:56:02.846 [main] IT-Policy-automation - Unit Verification Successfully: IT/ITeS Expansion Unit
[INFO ] 2025-02-03 16:56:15.005 [main] IT-Policy-automation - Application Created Successfully: IT/ITeS Expansion Unit
[INFO ] 2025-02-03 16:56:25.751 [main] IT-Policy-automation - Application Revoked Successfully
[INFO ] 2025-02-03 16:56:28.767 [main] IT-Policy-automation - ----------Outside Gujarat Before Policy Period Date Unit(Expansion) scenario 4-------------
[INFO ] 2025-02-03 16:57:24.236 [main] IT-Policy-automation - Unit Verification Successfully: IT/ITeS Expansion Unit
[INFO ] 2025-02-03 16:57:36.034 [main] IT-Policy-automation - Application Created Successfully: IT/ITeS Expansion Unit
[INFO ] 2025-02-03 16:57:46.603 [main] IT-Policy-automation - Application Revoked Successfully
